<?xml version="1.0" encoding="UTF-8"?>
<!-- Generated by org.testng.reporters.JUnitXMLReporter -->
<testsuite ignored="3" hostname="c11-kbx3uxctt17" failures="1" tests="3" name="Command line test" time="221.915" errors="0" timestamp="2025-05-30T09:59:03 SGT">
  <testcase classname="com.example.selenium.TCTest" name="runTCA11" time="37.223">
    <skipped/>
  </testcase> <!-- runTCA11 -->
  <testcase classname="com.example.selenium.TCTest" name="runTCA11" time="49.313">
    <skipped/>
  </testcase> <!-- runTCA11 -->
  <testcase classname="com.example.selenium.TCTest" name="runTCA11" time="135.303">
    <failure type="org.openqa.selenium.ElementNotInteractableException" message="element not interactable
  (Session info: MicrosoftEdge=136.0.3240.92)
Build info: version: &amp;apos;4.19.1&amp;apos;, revision: &amp;apos;abe0ee07dc&amp;apos;
System info: os.name: &amp;apos;Windows 11&amp;apos;, os.arch: &amp;apos;amd64&amp;apos;, os.version: &amp;apos;10.0&amp;apos;, java.version: &amp;apos;21.0.7&amp;apos;
Driver info: org.openqa.selenium.edge.EdgeDriver
Command: [cd5929fde0d3273e9e818cdf4e78aa42, clearElement {id=f.D157C921367A1F7E2E23B8D4212257E2.d.5425C45D1B6BF36049F2C42A60232633.e.1033}]
Capabilities {acceptInsecureCerts: false, browserName: MicrosoftEdge, browserVersion: 136.0.3240.92, fedcm:accounts: true, ms:edgeOptions: {debuggerAddress: localhost:52367}, msedge: {msedgedriverVersion: 136.0.3240.76 (77e9ec69748f..., userDataDir: C:\Users\QIANCH~1.JIA\AppDa...}, networkConnectionEnabled: false, pageLoadStrategy: normal, platformName: windows, proxy: Proxy(), se:cdp: ws://localhost:52367/devtoo..., se:cdpVersion: 136.0.3240.92, setWindowRect: true, strictFileInteractability: false, timeouts: {implicit: 0, pageLoad: 300000, script: 30000}, unhandledPromptBehavior: dismiss and notify, webauthn:extension:credBlob: true, webauthn:extension:largeBlob: true, webauthn:extension:minPinLength: true, webauthn:extension:prf: true, webauthn:virtualAuthenticators: true}
Element: [[[[[[EdgeDriver: MicrosoftEdge on windows (cd5929fde0d3273e9e818cdf4e78aa42)] -&amp;gt; id: main_table]] -&amp;gt; css selector: tr:not(.child_table)]] -&amp;gt; tag name: input]
Session ID: cd5929fde0d3273e9e818cdf4e78aa42">
      <![CDATA[org.openqa.selenium.ElementNotInteractableException: element not interactable
  (Session info: MicrosoftEdge=136.0.3240.92)
Build info: version: '4.19.1', revision: 'abe0ee07dc'
System info: os.name: 'Windows 11', os.arch: 'amd64', os.version: '10.0', java.version: '21.0.7'
Driver info: org.openqa.selenium.edge.EdgeDriver
Command: [cd5929fde0d3273e9e818cdf4e78aa42, clearElement {id=f.D157C921367A1F7E2E23B8D4212257E2.d.5425C45D1B6BF36049F2C42A60232633.e.1033}]
Capabilities {acceptInsecureCerts: false, browserName: MicrosoftEdge, browserVersion: 136.0.3240.92, fedcm:accounts: true, ms:edgeOptions: {debuggerAddress: localhost:52367}, msedge: {msedgedriverVersion: 136.0.3240.76 (77e9ec69748f..., userDataDir: C:\Users\QIANCH~1.JIA\AppDa...}, networkConnectionEnabled: false, pageLoadStrategy: normal, platformName: windows, proxy: Proxy(), se:cdp: ws://localhost:52367/devtoo..., se:cdpVersion: 136.0.3240.92, setWindowRect: true, strictFileInteractability: false, timeouts: {implicit: 0, pageLoad: 300000, script: 30000}, unhandledPromptBehavior: dismiss and notify, webauthn:extension:credBlob: true, webauthn:extension:largeBlob: true, webauthn:extension:minPinLength: true, webauthn:extension:prf: true, webauthn:virtualAuthenticators: true}
Element: [[[[[[EdgeDriver: MicrosoftEdge on windows (cd5929fde0d3273e9e818cdf4e78aa42)] -> id: main_table]] -> css selector: tr:not(.child_table)]] -> tag name: input]
Session ID: cd5929fde0d3273e9e818cdf4e78aa42
at org.openqa.selenium.remote.ErrorCodec.decode(ErrorCodec.java:167)
at org.openqa.selenium.remote.codec.w3c.W3CHttpResponseCodec.decode(W3CHttpResponseCodec.java:138)
at org.openqa.selenium.remote.codec.w3c.W3CHttpResponseCodec.decode(W3CHttpResponseCodec.java:50)
at org.openqa.selenium.remote.HttpCommandExecutor.execute(HttpCommandExecutor.java:190)
at org.openqa.selenium.remote.service.DriverCommandExecutor.invokeExecute(DriverCommandExecutor.java:216)
at org.openqa.selenium.remote.service.DriverCommandExecutor.execute(DriverCommandExecutor.java:174)
at org.openqa.selenium.remote.RemoteWebDriver.execute(RemoteWebDriver.java:518)
at org.openqa.selenium.remote.RemoteWebElement.execute(RemoteWebElement.java:223)
at org.openqa.selenium.remote.RemoteWebElement.clear(RemoteWebElement.java:129)
at com.example.selenium.testcases.TCA11.inputMarks(TCA11.java:123)
at com.example.selenium.testcases.TCA11.TCA11_1(TCA11.java:42)
at com.example.selenium.testcases.TCA11.run(TCA11.java:23)
at com.example.selenium.TCTest.runTCA11(TCTest.java:44)
at java.base/java.util.ArrayList.forEach(ArrayList.java:1596)
... Removed 35 stack frames]]>
    </failure>
  </testcase> <!-- runTCA11 -->
  <testcase classname="com.example.selenium.TCTest" name="runTCA16" time="0.0">
    <ignored/>
  </testcase> <!-- runTCA16 -->
  <testcase classname="com.example.selenium.TCTest" name="runTCA15" time="0.0">
    <ignored/>
  </testcase> <!-- runTCA15 -->
  <testcase classname="com.example.selenium.TCTest" name="runTCA13" time="0.0">
    <ignored/>
  </testcase> <!-- runTCA13 -->
</testsuite> <!-- Command line test -->
