<?xml version="1.0" encoding="UTF-8"?>
<!-- Generated by org.testng.reporters.JUnitXMLReporter -->
<testsuite ignored="3" hostname="c11-kbx3uxctt17" failures="0" tests="1" name="Command line test" time="48.867" errors="0" timestamp="2025-05-30T13:09:00 SGT">
  <testcase classname="com.example.selenium.TCTest" name="runTCA11" time="48.813"/>
  <testcase classname="com.example.selenium.TCTest" name="runTCA15" time="0.0">
    <ignored/>
  </testcase> <!-- runTCA15 -->
  <testcase classname="com.example.selenium.TCTest" name="runTCA16" time="0.0">
    <ignored/>
  </testcase> <!-- runTCA16 -->
  <testcase classname="com.example.selenium.TCTest" name="runTCA13" time="0.0">
    <ignored/>
  </testcase> <!-- runTCA13 -->
</testsuite> <!-- Command line test -->
