-------------------------------------------------------------------------------
Test set: TestSuite
-------------------------------------------------------------------------------
Tests run: 1, Failures: 1, Errors: 0, Skipped: 0, Time elapsed: 58.25 sec <<< FAILURE!
runTCA11(com.example.selenium.TCTest)  Time elapsed: 57.615 sec  <<< FAILURE!
org.openqa.selenium.TimeoutException: Expected condition failed: waiting for presence of any elements located by By.cssSelector: a.site-menu-btn (tried for 15 second(s) with 500 milliseconds interval)
Build info: version: '4.19.1', revision: 'abe0ee07dc'
System info: os.name: 'Windows 11', os.arch: 'amd64', os.version: '10.0', java.version: '21.0.7'
Driver info: org.openqa.selenium.edge.EdgeDriver
Capabilities {acceptInsecureCerts: false, browserName: MicrosoftEdge, browserVersion: 136.0.3240.92, fedcm:accounts: true, ms:edgeOptions: {debuggerAddress: localhost:65447}, msedge: {msedgedriverVersion: 136.0.3240.76 (77e9ec69748f..., userDataDir: C:\Users\QIANCH~1.JIA\AppDa...}, networkConnectionEnabled: false, pageLoadStrategy: normal, platformName: windows, proxy: Proxy(), se:cdp: ws://localhost:65447/devtoo..., se:cdpVersion: 136.0.3240.92, setWindowRect: true, strictFileInteractability: false, timeouts: {implicit: 0, pageLoad: 300000, script: 30000}, unhandledPromptBehavior: dismiss and notify, webauthn:extension:credBlob: true, webauthn:extension:largeBlob: true, webauthn:extension:minPinLength: true, webauthn:extension:prf: true, webauthn:virtualAuthenticators: true}
Session ID: 430e0c4fd5fc694c3428c1d6c6916ec9
	at org.openqa.selenium.support.ui.WebDriverWait.timeoutException(WebDriverWait.java:84)
	at org.openqa.selenium.support.ui.FluentWait.until(FluentWait.java:228)
	at com.example.selenium.setup.TCASetup.navigateToResultsByClass(TCASetup.java:14)
	at com.example.selenium.testcases.TCA11.run(TCA11.java:20)
	at com.example.selenium.TCTest.runTCA11(TCTest.java:39)

