<?xml version="1.0" encoding="UTF-8"?>
<testng-results ignored="0" total="1" passed="1" failed="0" skipped="0">
  <reporter-output>
  </reporter-output>
  <suite started-at="2025-05-30T13:08:11 SGT" name="Command line suite" finished-at="2025-05-30T13:09:00 SGT" duration-ms="48867">
    <groups>
      <group name="tca11">
        <method signature="TCTest.runTCA11()[pri:0, instance:com.example.selenium.TCTest@23986957]" name="runTCA11" class="com.example.selenium.TCTest"/>
      </group> <!-- tca11 -->
    </groups>
    <test started-at="2025-05-30T13:08:11 SGT" name="Command line test" finished-at="2025-05-30T13:09:00 SGT" duration-ms="48867">
      <class name="com.example.selenium.TCTest">
        <test-method signature="runTCA11()[pri:0, instance:com.example.selenium.TCTest@23986957]" started-at="2025-05-30T13:08:11 SGT" name="runTCA11" finished-at="2025-05-30T13:09:00 SGT" duration-ms="48813" status="PASS">
          <reporter-output>
          </reporter-output>
        </test-method> <!-- runTCA11 -->
      </class> <!-- com.example.selenium.TCTest -->
    </test> <!-- Command line test -->
  </suite> <!-- Command line suite -->
</testng-results>
